<?xml version="1.0" encoding="UTF-8"?>
<!-- Generated by org.testng.reporters.JUnitXMLReporter -->
<testsuite ignored="0" hostname="Administrator" failures="1" tests="4" name="Test" time="35.383" errors="0" timestamp="2023-03-29T10:27:49 IST">
  <testcase classname="practice_package.TS_01" name="script_01" time="0.016">
    <skipped/>
  </testcase> <!-- script_01 -->
  <testcase classname="practice_package.TS_01" name="script_01" time="0.002">
    <skipped/>
  </testcase> <!-- script_01 -->
  <testcase classname="practice_package.TS_01" name="script_01" time="0.002">
    <skipped/>
  </testcase> <!-- script_01 -->
  <testcase classname="practice_package.TS_01" name="script_01" time="0.002">
    <failure type="java.lang.AssertionError" message="null">
      <![CDATA[java.lang.AssertionError: null
at practice_package.TS_01.script_01(TS_01.java:14)
at java.base/java.util.ArrayList.forEach(ArrayList.java:1541)
at java.base/java.util.concurrent.FutureTask.run(FutureTask.java:264)
at java.base/java.util.concurrent.ThreadPoolExecutor.runWorker(ThreadPoolExecutor.java:1128)
at java.base/java.util.concurrent.ThreadPoolExecutor$Worker.run(ThreadPoolExecutor.java:628)
at java.base/java.lang.Thread.run(Thread.java:834)
... Removed 20 stack frames]]>
    </failure>
  </testcase> <!-- script_01 -->
</testsuite> <!-- Test -->
