<?xml version="1.0" encoding="UTF-8"?>
<testng-results ignored="0" total="1" passed="1" failed="0" skipped="0">
  <reporter-output>
  </reporter-output>
  <suite started-at="2023-04-03T10:17:43 IST" name="Default suite" finished-at="2023-04-03T10:17:43 IST" duration-ms="131">
    <groups>
    </groups>
    <test started-at="2023-04-03T10:17:43 IST" name="Default test" finished-at="2023-04-03T10:17:43 IST" duration-ms="131">
      <class name="practice.ConfigTest">
        <test-method signature="test()[pri:0, instance:practice.ConfigTest@156b88f5]" started-at="2023-04-03T10:17:43 IST" name="test" finished-at="2023-04-03T10:17:43 IST" duration-ms="19" status="PASS">
          <reporter-output>
          </reporter-output>
        </test-method> <!-- test -->
      </class> <!-- practice.ConfigTest -->
    </test> <!-- Default test -->
  </suite> <!-- Default suite -->
</testng-results>
